brainote/manifest-merger-release-report.txt
-- Merging decision tree log ---
manifest
ADDED from AndroidManifest.xml:18:1
	package
		ADDED from AndroidManifest.xml:20:5
		INJECTED from AndroidManifest.xml:0:0
		INJECTED from AndroidManifest.xml:0:0
	android:versionName
		INJECTED from AndroidManifest.xml:0:0
		INJECTED from AndroidManifest.xml:0:0
	xmlns:tools
		ADDED from AndroidManifest.xml:19:5
	xmlns:android
		ADDED from AndroidManifest.xml:18:11
	android:versionCode
		INJECTED from AndroidManifest.xml:0:0
		INJECTED from AndroidManifest.xml:0:0
uses-permission#android.permission.INTERNET
ADDED from AndroidManifest.xml:23:5
	android:name
		ADDED from AndroidManifest.xml:23:22
uses-permission#android.permission.ACCESS_COARSE_LOCATION
ADDED from AndroidManifest.xml:24:5
	android:name
		ADDED from AndroidManifest.xml:24:22
uses-permission#android.permission.ACCESS_FINE_LOCATION
ADDED from AndroidManifest.xml:25:5
	android:name
		ADDED from AndroidManifest.xml:25:22
uses-permission#android.permission.ACCESS_NETWORK_STATE
ADDED from AndroidManifest.xml:26:5
	android:name
		ADDED from AndroidManifest.xml:26:22
uses-permission#android.permission.WRITE_EXTERNAL_STORAGE
ADDED from AndroidManifest.xml:27:5
	android:name
		ADDED from AndroidManifest.xml:27:22
uses-permission#android.permission.VIBRATE
ADDED from AndroidManifest.xml:28:5
MERGED from it.feio.android:checklistview:2.0:11:5
	android:name
		ADDED from AndroidManifest.xml:28:22
uses-permission#android.permission.RECEIVE_BOOT_COMPLETED
ADDED from AndroidManifest.xml:29:5
	android:name
		ADDED from AndroidManifest.xml:29:22
uses-permission#android.permission.RECORD_AUDIO
ADDED from AndroidManifest.xml:30:5
	android:name
		ADDED from AndroidManifest.xml:30:22
uses-permission#com.android.alarm.permission.SET_ALARM
ADDED from AndroidManifest.xml:31:5
	android:name
		ADDED from AndroidManifest.xml:31:22
uses-permission#com.google.android.apps.photos.permission.GOOGLE_PHOTOS
ADDED from AndroidManifest.xml:32:5
	android:name
		ADDED from AndroidManifest.xml:32:22
uses-permission#com.android.launcher.permission.INSTALL_SHORTCUT
ADDED from AndroidManifest.xml:33:5
	android:name
		ADDED from AndroidManifest.xml:33:22
uses-permission#com.android.launcher.permission.UNINSTALL_SHORTCUT
ADDED from AndroidManifest.xml:34:5
	android:name
		ADDED from AndroidManifest.xml:34:22
uses-permission#android.permission.MANAGE_DOCUMENTS
ADDED from AndroidManifest.xml:35:5
	android:name
		ADDED from AndroidManifest.xml:35:22
uses-permission#com.pushbullet.android.permission.READ_MESSAGING_EXTENSION_DATA
ADDED from AndroidManifest.xml:36:5
	android:name
		ADDED from AndroidManifest.xml:36:22
uses-permission#com.pushbullet.android.permission.SEND_MESSAGES
ADDED from AndroidManifest.xml:37:5
	android:name
		ADDED from AndroidManifest.xml:37:22
uses-feature#android.hardware.camera
ADDED from AndroidManifest.xml:39:5
	android:required
		ADDED from AndroidManifest.xml:41:9
	android:name
		ADDED from AndroidManifest.xml:40:9
uses-feature#android.hardware.location.gps
ADDED from AndroidManifest.xml:42:5
	android:required
		ADDED from AndroidManifest.xml:44:9
	android:name
		ADDED from AndroidManifest.xml:43:9
application
ADDED from AndroidManifest.xml:46:5
MERGED from com.android.support:support-v4:21.0.3:16:5
MERGED from com.github.gabrielemariotti.changeloglib:library:1.5.2:11:5
MERGED from com.android.support:appcompat-v7:21.0.3:16:5
MERGED from com.android.support:support-v4:21.0.3:16:5
MERGED from com.pushbullet:android-extensions:1.0.4:9:5
MERGED from com.getbase:floatingactionbutton:1.1.0:12:5
MERGED from com.nhaarman.listviewanimations:lib-core:3.1.0:26:5
MERGED from com.nhaarman.listviewanimations:lib-manipulation:3.1.0:26:5
MERGED from com.android.support:appcompat-v7:21.0.3:16:5
MERGED from com.android.support:support-v4:21.0.3:16:5
MERGED from com.android.support:recyclerview-v7:21.0.3:17:5
MERGED from com.android.support:support-v4:21.0.3:16:5
MERGED from com.google.android.gms:play-services-identity:6.5.87:19:5
MERGED from com.google.android.gms:play-services-base:6.5.87:20:5
MERGED from com.android.support:support-v4:21.0.3:16:5
MERGED from it.feio.android:simplegallery:1.1.0:11:5
MERGED from com.android.support:appcompat-v7:21.0.3:16:5
MERGED from com.android.support:support-v4:21.0.3:16:5
	android:label
		ADDED from AndroidManifest.xml:51:9
	android:supportsRtl
		ADDED from AndroidManifest.xml:52:9
	android:allowBackup
		ADDED from AndroidManifest.xml:48:9
	android:icon
		ADDED from AndroidManifest.xml:50:9
	android:largeHeap
		ADDED from AndroidManifest.xml:49:9
	android:theme
		ADDED from AndroidManifest.xml:53:9
		REJECTED from it.feio.android:simplegallery:1.1.0:15:9
	tools:replace
		ADDED from AndroidManifest.xml:54:9
	android:name
		ADDED from AndroidManifest.xml:47:9
meta-data#android.app.default_searchable
ADDED from AndroidManifest.xml:55:9
	android:value
		ADDED from AndroidManifest.xml:57:13
	android:name
		ADDED from AndroidManifest.xml:56:13
meta-data#com.google.android.gms.version
ADDED from AndroidManifest.xml:58:9
MERGED from com.google.android.gms:play-services-base:6.5.87:21:9
	android:value
		ADDED from AndroidManifest.xml:60:13
	android:name
		ADDED from AndroidManifest.xml:59:13
activity#org.brainote.MainActivity
ADDED from AndroidManifest.xml:63:9
	android:label
		ADDED from AndroidManifest.xml:66:13
	android:launchMode
		ADDED from AndroidManifest.xml:67:13
	android:exported
		ADDED from AndroidManifest.xml:65:13
	android:name
		ADDED from AndroidManifest.xml:64:13
intent-filter#android.intent.action.MAIN+android.intent.category.LAUNCHER
ADDED from AndroidManifest.xml:68:13
action#android.intent.action.MAIN
ADDED from AndroidManifest.xml:69:17
	android:name
		ADDED from AndroidManifest.xml:69:25
category#android.intent.category.LAUNCHER
ADDED from AndroidManifest.xml:70:17
	android:name
		ADDED from AndroidManifest.xml:70:27
intent-filter#android.intent.action.SEARCH
ADDED from AndroidManifest.xml:73:13
action#android.intent.action.SEARCH
ADDED from AndroidManifest.xml:74:17
	android:name
		ADDED from AndroidManifest.xml:74:25
meta-data#android.app.searchable
ADDED from AndroidManifest.xml:77:13
	android:resource
		ADDED from AndroidManifest.xml:79:17
	android:name
		ADDED from AndroidManifest.xml:78:17
intent-filter#android.intent.category.DEFAULT+com.google.android.gm.action.AUTO_SEND
ADDED from AndroidManifest.xml:81:13
action#com.google.android.gm.action.AUTO_SEND
ADDED from AndroidManifest.xml:82:17
	android:name
		ADDED from AndroidManifest.xml:82:25
category#android.intent.category.DEFAULT
ADDED from AndroidManifest.xml:84:17
	android:name
		ADDED from AndroidManifest.xml:84:27
data
ADDED from AndroidManifest.xml:86:17
	android:mimeType
		ADDED from AndroidManifest.xml:86:23
intent-filter#android.intent.action.SEND+android.intent.category.DEFAULT
ADDED from AndroidManifest.xml:88:13
action#android.intent.action.SEND
ADDED from AndroidManifest.xml:89:17
	android:name
		ADDED from AndroidManifest.xml:89:25
intent-filter#android.intent.action.SEND_MULTIPLE+android.intent.category.DEFAULT
ADDED from AndroidManifest.xml:95:13
action#android.intent.action.SEND_MULTIPLE
ADDED from AndroidManifest.xml:96:17
	android:name
		ADDED from AndroidManifest.xml:96:25
intent-filter#android.intent.action.VIEW+android.intent.category.BROWSABLE+android.intent.category.DEFAULT
ADDED from AndroidManifest.xml:103:13
action#android.intent.action.VIEW
ADDED from AndroidManifest.xml:104:17
	android:name
		ADDED from AndroidManifest.xml:104:25
category#android.intent.category.BROWSABLE
ADDED from AndroidManifest.xml:107:17
	android:name
		ADDED from AndroidManifest.xml:107:27
activity#org.brainote.GalleryActivity
ADDED from AndroidManifest.xml:115:9
	android:supportsRtl
		ADDED from AndroidManifest.xml:118:13
	android:configChanges
		ADDED from AndroidManifest.xml:117:13
	android:theme
		ADDED from AndroidManifest.xml:119:13
	android:name
		ADDED from AndroidManifest.xml:116:13
activity#org.brainote.CategoryActivity
ADDED from AndroidManifest.xml:121:9
	android:label
		ADDED from AndroidManifest.xml:123:13
	android:parentActivityName
		ADDED from AndroidManifest.xml:124:13
	android:theme
		ADDED from AndroidManifest.xml:125:13
	android:name
		ADDED from AndroidManifest.xml:122:13
meta-data#android.support.PARENT_ACTIVITY
ADDED from AndroidManifest.xml:126:13
	android:value
		ADDED from AndroidManifest.xml:128:17
	android:name
		ADDED from AndroidManifest.xml:127:17
activity#org.brainote.SettingsActivity
ADDED from AndroidManifest.xml:132:9
	android:label
		ADDED from AndroidManifest.xml:134:13
	android:parentActivityName
		ADDED from AndroidManifest.xml:135:13
	android:theme
		ADDED from AndroidManifest.xml:136:13
	android:name
		ADDED from AndroidManifest.xml:133:13
activity#org.brainote.PasswordActivity
ADDED from AndroidManifest.xml:143:9
	android:windowSoftInputMode
		ADDED from AndroidManifest.xml:145:13
	android:theme
		ADDED from AndroidManifest.xml:146:13
	android:name
		ADDED from AndroidManifest.xml:144:13
activity#org.brainote.AboutActivity
ADDED from AndroidManifest.xml:149:9
	android:label
		ADDED from AndroidManifest.xml:151:13
	android:launchMode
		ADDED from AndroidManifest.xml:152:13
	android:name
		ADDED from AndroidManifest.xml:150:13
activity#org.brainote.SnoozeActivity
ADDED from AndroidManifest.xml:155:9
	android:excludeFromRecents
		ADDED from AndroidManifest.xml:157:13
	android:launchMode
		ADDED from AndroidManifest.xml:158:13
	android:noHistory
		ADDED from AndroidManifest.xml:159:13
	android:theme
		ADDED from AndroidManifest.xml:160:13
	android:name
		ADDED from AndroidManifest.xml:156:13
activity#org.brainote.StatsActivity
ADDED from AndroidManifest.xml:163:9
	android:theme
		ADDED from AndroidManifest.xml:165:13
	android:name
		ADDED from AndroidManifest.xml:164:13
activity#org.acra.CrashReportDialog
ADDED from AndroidManifest.xml:168:9
	android:excludeFromRecents
		ADDED from AndroidManifest.xml:170:13
	android:launchMode
		ADDED from AndroidManifest.xml:172:13
	android:finishOnTaskLaunch
		ADDED from AndroidManifest.xml:171:13
	android:theme
		ADDED from AndroidManifest.xml:173:13
	android:name
		ADDED from AndroidManifest.xml:169:13
receiver#org.brainote.receiver.AlarmReceiver
ADDED from AndroidManifest.xml:176:9
	android:name
		ADDED from AndroidManifest.xml:176:19
receiver#org.brainote.receiver.BootCompleteReceiver
ADDED from AndroidManifest.xml:179:9
	android:enabled
		ADDED from AndroidManifest.xml:181:13
	android:label
		ADDED from AndroidManifest.xml:183:13
	android:exported
		ADDED from AndroidManifest.xml:182:13
	android:permission
		ADDED from AndroidManifest.xml:184:13
	android:name
		ADDED from AndroidManifest.xml:180:13
intent-filter#android.intent.action.BOOT_COMPLETED
ADDED from AndroidManifest.xml:185:13
action#android.intent.action.BOOT_COMPLETED
ADDED from AndroidManifest.xml:186:17
	android:name
		ADDED from AndroidManifest.xml:186:25
service#org.brainote.async.AlarmRestoreOnRebootService
ADDED from AndroidManifest.xml:191:9
	android:name
		ADDED from AndroidManifest.xml:191:18
service#org.brainote.async.DataBackupIntentService
ADDED from AndroidManifest.xml:194:9
	android:name
		ADDED from AndroidManifest.xml:194:18
activity#org.brainote.widget.WidgetConfigurationActivity
ADDED from AndroidManifest.xml:197:9
	android:theme
		ADDED from AndroidManifest.xml:199:13
	android:name
		ADDED from AndroidManifest.xml:198:13
intent-filter#android.appwidget.action.APPWIDGET_CONFIGURE
ADDED from AndroidManifest.xml:200:13
action#android.appwidget.action.APPWIDGET_CONFIGURE
ADDED from AndroidManifest.xml:201:17
	android:name
		ADDED from AndroidManifest.xml:201:25
receiver#org.brainote.widget.SimpleWidgetProvider
ADDED from AndroidManifest.xml:206:9
	android:label
		ADDED from AndroidManifest.xml:210:13
	android:icon
		ADDED from AndroidManifest.xml:209:13
	android:description
		ADDED from AndroidManifest.xml:208:13
	android:name
		ADDED from AndroidManifest.xml:207:13
intent-filter#android.appwidget.action.APPWIDGET_UPDATE
ADDED from AndroidManifest.xml:211:13
action#android.appwidget.action.APPWIDGET_UPDATE
ADDED from AndroidManifest.xml:212:17
	android:name
		ADDED from AndroidManifest.xml:212:25
meta-data#android.appwidget.provider
ADDED from AndroidManifest.xml:215:13
	android:resource
		ADDED from AndroidManifest.xml:217:17
	android:name
		ADDED from AndroidManifest.xml:216:17
receiver#org.brainote.widget.ListWidgetProvider
ADDED from AndroidManifest.xml:220:9
	android:label
		ADDED from AndroidManifest.xml:224:13
	android:icon
		ADDED from AndroidManifest.xml:223:13
	android:description
		ADDED from AndroidManifest.xml:222:13
	android:name
		ADDED from AndroidManifest.xml:221:13
service#org.brainote.widget.ListWidgetService
ADDED from AndroidManifest.xml:234:9
	android:permission
		ADDED from AndroidManifest.xml:236:13
	android:name
		ADDED from AndroidManifest.xml:235:13
service#org.brainote.async.ONDashClockExtension
ADDED from AndroidManifest.xml:239:9
	android:label
		ADDED from AndroidManifest.xml:242:13
	android:permission
		ADDED from AndroidManifest.xml:243:13
	android:icon
		ADDED from AndroidManifest.xml:241:13
	android:name
		ADDED from AndroidManifest.xml:240:13
intent-filter#com.google.android.apps.dashclock.Extension
ADDED from AndroidManifest.xml:244:13
action#com.google.android.apps.dashclock.Extension
ADDED from AndroidManifest.xml:245:17
	android:name
		ADDED from AndroidManifest.xml:245:25
meta-data#protocolVersion
ADDED from AndroidManifest.xml:248:13
	android:value
		ADDED from AndroidManifest.xml:250:17
	android:name
		ADDED from AndroidManifest.xml:249:17
meta-data#worldReadable
ADDED from AndroidManifest.xml:251:13
	android:value
		ADDED from AndroidManifest.xml:253:17
	android:name
		ADDED from AndroidManifest.xml:252:17
meta-data#description
ADDED from AndroidManifest.xml:254:13
	android:value
		ADDED from AndroidManifest.xml:256:17
	android:name
		ADDED from AndroidManifest.xml:255:17
service#org.brainote.extensions.PushBulletExtension
ADDED from AndroidManifest.xml:263:9
	android:permission
		ADDED from AndroidManifest.xml:265:13
	android:name
		ADDED from AndroidManifest.xml:264:13
intent-filter#com.pushbullet.android.extension.MessagingExtension
ADDED from AndroidManifest.xml:266:13
action#com.pushbullet.android.extension.MessagingExtension
ADDED from AndroidManifest.xml:267:17
	android:name
		ADDED from AndroidManifest.xml:267:25
uses-sdk
INJECTED from AndroidManifest.xml:0:0 reason: use-sdk injection requested
MERGED from com.github.flavienlaurent.datetimepicker:library:0.0.2:3:5
MERGED from com.android.support:support-v4:21.0.3:15:5
MERGED from com.larswerkman:HoloColorPicker:1.4:3:5
MERGED from de.keyboardsurfer.android.widget:crouton:1.8.4:16:5
MERGED from com.github.gabrielemariotti.changeloglib:library:1.5.2:7:5
MERGED from com.android.support:appcompat-v7:21.0.3:15:5
MERGED from com.android.support:support-v4:21.0.3:15:5
MERGED from com.pushbullet:android-extensions:1.0.4:5:5
MERGED from com.getbase:floatingactionbutton:1.1.0:8:5
MERGED from com.nhaarman.listviewanimations:lib-core:3.1.0:22:5
MERGED from com.nhaarman.listviewanimations:lib-manipulation:3.1.0:22:5
MERGED from com.afollestad:material-dialogs:0.5.6:8:5
MERGED from com.android.support:appcompat-v7:21.0.3:15:5
MERGED from com.android.support:support-v4:21.0.3:15:5
MERGED from com.android.support:recyclerview-v7:21.0.3:15:5
MERGED from com.android.support:support-v4:21.0.3:15:5
MERGED from com.google.android.gms:play-services-identity:6.5.87:18:5
MERGED from com.google.android.gms:play-services-base:6.5.87:18:5
MERGED from com.android.support:support-v4:21.0.3:15:5
MERGED from it.feio.android:simplegallery:1.1.0:7:5
MERGED from com.android.support:appcompat-v7:21.0.3:15:5
MERGED from com.android.support:support-v4:21.0.3:15:5
MERGED from it.feio.android:checklistview:2.0:7:5
MERGED from it.feio.android:pixlUI:2.1:7:5
MERGED from it.feio.android:pixlUI:2.1:7:5
	android:targetSdkVersion
		INJECTED from AndroidManifest.xml:0:0
		INJECTED from AndroidManifest.xml:0:0
	android:minSdkVersion
		INJECTED from AndroidManifest.xml:0:0
		INJECTED from AndroidManifest.xml:0:0
activity#com.nhaarman.listviewanimations.itemmanipulation.swipedismiss.SwipeTouchListenerTestActivity
ADDED from com.nhaarman.listviewanimations:lib-manipulation:3.1.0:27:9
	android:name
		ADDED from com.nhaarman.listviewanimations:lib-manipulation:3.1.0:27:19
activity#com.nhaarman.listviewanimations.itemmanipulation.dragdrop.DynamicListViewTestActivity
ADDED from com.nhaarman.listviewanimations:lib-manipulation:3.1.0:28:9
	android:name
		ADDED from com.nhaarman.listviewanimations:lib-manipulation:3.1.0:28:19
activity#android.support.v7.widget.TestActivity
ADDED from com.android.support:recyclerview-v7:21.0.3:18:9
	android:label
		ADDED from com.android.support:recyclerview-v7:21.0.3:18:19
	android:name
		ADDED from com.android.support:recyclerview-v7:21.0.3:18:60